{
  "RSpec": {
    "coverage": {
      "/Users/user1/Projects/week-10/spec/add_activity_spec.rb": [
        1,
        1,
        3,
        1,
        1,
        2,
        2,
        null,
        1,
        1,
        1,
        null,
        null,
        1,
        1,
        1,
        null,
        null,
        null
      ],
      "/Users/user1/Projects/week-10/lib/account.rb": [
        1,
        1,
        null,
        1,
        12,
        12,
        12,
        null,
        null,
        1,
        6,
        6,
        null,
        null,
        1,
        6,
        null,
        5,
        5,
        null,
        null,
        1,
        3,
        6,
        null,
        null,
        1,
        null,
        1,
        13,
        13,
        13,
        13,
        7,
        null,
        6,
        null,
        null,
        null
      ],
      "/Users/user1/Projects/week-10/spec/deposit_spec.rb": [
        1,
        1,
        4,
        1,
        1,
        1,
        null,
        null,
        1,
        1,
        1,
        1,
        null,
        null,
        1,
        1,
        1,
        1,
        null,
        null
      ],
      "/Users/user1/Projects/week-10/spec/print_statement_spec.rb": [
        1,
        1,
        4,
        1,
        1,
        3,
        3,
        null,
        null,
        1,
        2,
        null,
        null,
        1,
        1,
        1,
        2,
        null,
        null,
        1,
        1,
        1,
        1,
        1,
        2,
        null,
        null,
        null
      ],
      "/Users/user1/Projects/week-10/spec/withdraw_spec.rb": [
        1,
        1,
        5,
        1,
        1,
        1,
        null,
        null,
        1,
        1,
        1,
        1,
        null,
        null,
        1,
        2,
        null,
        null,
        1,
        1,
        1,
        1,
        null,
        null
      ]
    },
    "timestamp": 1571763994
  }
}
