{
  "RSpec": {
    "coverage": {
      "/Users/user1/Projects/week-10/spec/account_spec.rb": [
        1,
        1,
        11,
        null,
        1,
        1,
        1,
        1,
        null,
        null,
        1,
        1,
        1,
        1,
        null,
        null,
        null,
        1,
        1,
        1,
        1,
        null,
        null,
        1,
        1,
        1,
        1,
        null,
        null,
        null,
        1,
        1,
        1,
        1,
        1,
        null,
        null,
        null,
        1,
        1,
        1,
        2,
        2,
        null,
        1,
        1,
        1,
        null,
        null,
        1,
        1,
        1,
        null,
        null,
        null,
        null,
        1,
        1,
        2,
        null,
        null,
        null,
        1,
        1,
        2,
        null,
        null,
        null,
        1,
        1,
        1,
        2,
        null,
        null,
        null,
        null,
        null,
        null
      ],
      "/Users/user1/Projects/week-10/lib/account.rb": [
        1,
        1,
        null,
        1,
        10,
        10,
        null,
        null,
        1,
        5,
        5,
        null,
        null,
        1,
        4,
        4,
        null,
        null,
        1,
        3,
        6,
        null,
        null,
        1,
        null,
        1,
        11,
        11,
        6,
        null,
        5,
        null,
        null,
        null
      ]
    },
    "timestamp": 1571682987
  }
}
